<?xml version="1.0" encoding="UTF-8" ?>
<testsuite tests="9" failures="0" name="net.EsLiceu.numbers.BigNumberTest" time="1.008" errors="0" skipped="3">
  <properties>
    <property name="java.runtime.name" value="OpenJDK Runtime Environment"/>
    <property name="java.vm.version" value="17.0.7+7-Ubuntu-0ubuntu122.04.2"/>
    <property name="sun.boot.library.path" value="/usr/lib/jvm/java-17-openjdk-amd64/lib"/>
    <property name="maven.multiModuleProjectDirectory" value="/opt/tomcat/webapps/SayBigNumberService"/>
    <property name="java.vm.vendor" value="Private Build"/>
    <property name="java.vendor.url" value="Unknown"/>
    <property name="guice.disable.misplaced.annotation.check" value="true"/>
    <property name="path.separator" value=":"/>
    <property name="java.vm.name" value="OpenJDK 64-Bit Server VM"/>
    <property name="user.country" value="ES"/>
    <property name="sun.java.launcher" value="SUN_STANDARD"/>
    <property name="java.vm.specification.name" value="Java Virtual Machine Specification"/>
    <property name="user.dir" value="/opt/tomcat/webapps/SayBigNumberService"/>
    <property name="java.vm.compressedOopsMode" value="32-bit"/>
    <property name="java.runtime.version" value="17.0.7+7-Ubuntu-0ubuntu122.04.2"/>
    <property name="os.arch" value="amd64"/>
    <property name="java.io.tmpdir" value="/tmp"/>
    <property name="line.separator" value="
"/>
    <property name="java.vm.specification.vendor" value="Oracle Corporation"/>
    <property name="os.name" value="Linux"/>
    <property name="classworlds.conf" value="/usr/share/maven/bin/m2.conf"/>
    <property name="sun.jnu.encoding" value="UTF-8"/>
    <property name="java.library.path" value="/usr/java/packages/lib:/usr/lib/x86_64-linux-gnu/jni:/lib/x86_64-linux-gnu:/usr/lib/x86_64-linux-gnu:/usr/lib/jni:/lib:/usr/lib"/>
    <property name="maven.conf" value="/usr/share/maven/conf"/>
    <property name="jdk.debug" value="release"/>
    <property name="java.class.version" value="61.0"/>
    <property name="java.specification.name" value="Java Platform API Specification"/>
    <property name="sun.management.compiler" value="HotSpot 64-Bit Tiered Compilers"/>
    <property name="os.version" value="5.19.0-42-generic"/>
    <property name="library.jansi.path" value="/usr/share/maven/lib/jansi-native"/>
    <property name="user.home" value="/home/superior"/>
    <property name="user.timezone" value="Europe/Madrid"/>
    <property name="file.encoding" value="UTF-8"/>
    <property name="java.specification.version" value="17"/>
    <property name="user.name" value="superior"/>
    <property name="java.class.path" value="/usr/share/maven/boot/plexus-classworlds-2.x.jar"/>
    <property name="java.vm.specification.version" value="17"/>
    <property name="sun.arch.data.model" value="64"/>
    <property name="sun.java.command" value="org.codehaus.plexus.classworlds.launcher.Launcher clean package"/>
    <property name="java.home" value="/usr/lib/jvm/java-17-openjdk-amd64"/>
    <property name="user.language" value="ca"/>
    <property name="java.specification.vendor" value="Oracle Corporation"/>
    <property name="java.vm.info" value="mixed mode, sharing"/>
    <property name="java.version" value="17.0.7"/>
    <property name="native.encoding" value="UTF-8"/>
    <property name="java.vendor" value="Private Build"/>
    <property name="sun.stderr.encoding" value="UTF-8"/>
    <property name="maven.home" value="/usr/share/maven"/>
    <property name="file.separator" value="/"/>
    <property name="java.version.date" value="2023-04-18"/>
    <property name="java.vendor.url.bug" value="Unknown"/>
    <property name="sun.io.unicode.encoding" value="UnicodeLittle"/>
    <property name="sun.cpu.endian" value="little"/>
    <property name="sun.stdout.encoding" value="UTF-8"/>
  </properties>
  <testcase classname="net.EsLiceu.numbers.BigNumberTest" name="potencies" time="0.123"/>
  <testcase classname="net.EsLiceu.numbers.BigNumberTest" name="divisions" time="0.124">
    <skipped/>
  </testcase>
  <testcase classname="net.EsLiceu.numbers.BigNumberTest" name="arrels" time="0.124">
    <skipped/>
  </testcase>
  <testcase classname="net.EsLiceu.numbers.BigNumberTest" name="restes" time="0.002"/>
  <testcase classname="net.EsLiceu.numbers.BigNumberTest" name="multiplicacions" time="0.008"/>
  <testcase classname="net.EsLiceu.numbers.BigNumberTest" name="mcd" time="0.008">
    <skipped/>
  </testcase>
  <testcase classname="net.EsLiceu.numbers.BigNumberTest" name="comparacions" time="0.001"/>
  <testcase classname="net.EsLiceu.numbers.BigNumberTest" name="sumes" time="0"/>
  <testcase classname="net.EsLiceu.numbers.BigNumberTest" name="factorials" time="0.618"/>
</testsuite>